Info: [VCS_SAVE_RESTORE_INFO] ASLR (Address Space Layout Randomization) is detected on the machine. To enable $save functionality, ASLR will be switched off and simv re-executed.
Please use '-no_save' simv switch to avoid this.

                           Design Compiler Graphical 
                                 DC Ultra (TM)
                                  DFTMAX (TM)
                              Power Compiler (TM)
                                 DesignWare (R)
                                 DC Expert (TM)
                               Design Vision (TM)
                               HDL Compiler (TM)
                               VHDL Compiler (TM)
                                  DFT Compiler
                               Design Compiler(R)

               Version W-2024.09-SP4 for linux64 - Feb 26, 2025 

                    Copyright (c) 1988 - 2025 Synopsys, Inc.
   This software and the associated documentation are proprietary to Synopsys,
 Inc. This software may only be used in accordance with the terms and conditions
 of a written license agreement with Synopsys, Inc. All other use, reproduction,
   or distribution of this software is strictly prohibited.  Licensed Products
     communicate with Synopsys servers for the purpose of providing software
    updates, detecting software piracy and verifying that customers are using
    Licensed Products in conformity with the applicable License Key for such
  Licensed Products. Synopsys will use information gathered in connection with
    this process to deliver software updates and pursue software pirates and
                                   infringers.

 Inclusivity & Diversity - Visit SolvNetPlus to read the "Synopsys Statement on
            Inclusivity and Diversity" (Refer to article 000036315 at
                        https://solvnetplus.synopsys.com)
Initializing...
Initializing gui preferences from file  /home/ecegridfs/a/337mg209/.synopsys_dc_gui/preferences.tcl
Current time:       Wed Dec 10 05:08:01 2025
Hostname:           ececomp1.ecn.purdue.edu
CPU Model:          AMD EPYC 7513 32-Core Processor
CPU Details:        Cores = 128 : Sockets = 2 : Cache Size = 512 KB : Freq = 2.60 GHz
OS:                 Linux 4.18.0-553.78.1.el8_10.x86_64
RAM:                502 GB (Free  18 GB)
Swap:                63 GB (Free  12 GB)
Work Filesystem:    /home/ecegridfs/a mounted to ecegridfs.ecn.purdue.edu:/export/home/a
Tmp Filesystem:     /tmp mounted to tmpfs
Work Disk:          2968 GB (Free   4 GB)
Tmp Disk:            19 GB (Free  14 GB)

CPU Load: 35%, Ram Free: 18 GB, Swap Free: 12 GB, Work Disk Free: 4 GB, Tmp Disk Free: 14 GB
############################################
#
# Auto-generated project tcl file:
#  * sets up variable
#  * runs customized script
#
############################################
sh date
Wed Dec 10 05:08:01 EST 2025
set TOP_MODULE ai_accelerator
ai_accelerator
set DC_SCRIPT synth.tcl
synth.tcl
set READ_SOURCES u337mg096_ece337_ai_accelerator_1.0.0-read-sources
u337mg096_ece337_ai_accelerator_1.0.0-read-sources
set SCRIPT_DIR src/u337mg096_ece337_synfiles_0
src/u337mg096_ece337_synfiles_0
set REPORT_DIR reports
reports
sh mkdir -p ${REPORT_DIR}
set target_library /home/ecegrid/a/ece337/summer24-refactor/tech/ami05/osu05_stdcells.db
/home/ecegrid/a/ece337/summer24-refactor/tech/ami05/osu05_stdcells.db
set link_library   [concat "*"  /home/ecegrid/a/ece337/summer24-refactor/tech/ami05/osu05_stdcells.db dw_foundation.sldb]
* /home/ecegrid/a/ece337/summer24-refactor/tech/ami05/osu05_stdcells.db dw_foundation.sldb
############################################
#
# Run custom script
#
############################################
source ${SCRIPT_DIR}/${DC_SCRIPT}
Running PRESTO HDLC
Compiling source file ./src/ece337_course-lib_ahb_model_updated_1.0.0/source/ahb_model_updated.sv
Error:  ./src/ece337_course-lib_ahb_model_updated_1.0.0/source/ahb_model_updated.sv:70: The construct '$' is not supported in synthesis. (VER-700)
Error:  ./src/ece337_course-lib_ahb_model_updated_1.0.0/source/ahb_model_updated.sv:104: The construct 'ref' is not supported in synthesis. (VER-700)
Error:  ./src/ece337_course-lib_ahb_model_updated_1.0.0/source/ahb_model_updated.sv:142: Syntax error at or near token ']'. (VER-294)
Error:  ./src/ece337_course-lib_ahb_model_updated_1.0.0/source/ahb_model_updated.sv:229: The construct 'string' is not supported in synthesis. (VER-700)
Error:  ./src/ece337_course-lib_ahb_model_updated_1.0.0/source/ahb_model_updated.sv:230: The construct 'string' is not supported in synthesis. (VER-700)
Error:  ./src/ece337_course-lib_ahb_model_updated_1.0.0/source/ahb_model_updated.sv:231: The construct 'string' is not supported in synthesis. (VER-700)
Error:  ./src/ece337_course-lib_ahb_model_updated_1.0.0/source/ahb_model_updated.sv:232: The construct 'string' is not supported in synthesis. (VER-700)
Error:  ./src/ece337_course-lib_ahb_model_updated_1.0.0/source/ahb_model_updated.sv:233: The construct 'string' is not supported in synthesis. (VER-700)
Error:  ./src/ece337_course-lib_ahb_model_updated_1.0.0/source/ahb_model_updated.sv:234: The construct 'string' is not supported in synthesis. (VER-700)
Error:  ./src/ece337_course-lib_ahb_model_updated_1.0.0/source/ahb_model_updated.sv:235: The construct 'string' is not supported in synthesis. (VER-700)
Error:  ./src/ece337_course-lib_ahb_model_updated_1.0.0/source/ahb_model_updated.sv:236: The construct 'string' is not supported in synthesis. (VER-700)
Warning:  ./src/ece337_course-lib_ahb_model_updated_1.0.0/source/ahb_model_updated.sv:255: The construct 'immediate assertion' is not supported in synthesis; it is ignored. (VER-708)
Warning:  ./src/ece337_course-lib_ahb_model_updated_1.0.0/source/ahb_model_updated.sv:259: The construct 'immediate assertion' is not supported in synthesis; it is ignored. (VER-708)
Warning:  ./src/ece337_course-lib_ahb_model_updated_1.0.0/source/ahb_model_updated.sv:267: The construct 'immediate assertion' is not supported in synthesis; it is ignored. (VER-708)
Warning:  ./src/ece337_course-lib_ahb_model_updated_1.0.0/source/ahb_model_updated.sv:271: The construct 'immediate assertion' is not supported in synthesis; it is ignored. (VER-708)
Warning:  ./src/ece337_course-lib_ahb_model_updated_1.0.0/source/ahb_model_updated.sv:279: The construct 'immediate assertion' is not supported in synthesis; it is ignored. (VER-708)
Warning:  ./src/ece337_course-lib_ahb_model_updated_1.0.0/source/ahb_model_updated.sv:283: The construct 'immediate assertion' is not supported in synthesis; it is ignored. (VER-708)
Warning:  ./src/ece337_course-lib_ahb_model_updated_1.0.0/source/ahb_model_updated.sv:291: The construct 'immediate assertion' is not supported in synthesis; it is ignored. (VER-708)
Warning:  ./src/ece337_course-lib_ahb_model_updated_1.0.0/source/ahb_model_updated.sv:307: The construct 'immediate assertion' is not supported in synthesis; it is ignored. (VER-708)
Warning:  ./src/ece337_course-lib_ahb_model_updated_1.0.0/source/ahb_model_updated.sv:344: The construct 'immediate assertion' is not supported in synthesis; it is ignored. (VER-708)
*** Presto compilation terminated with 11 errors. ***
Loading db file '/home/ecegrid/a/ece337/summer24-refactor/tech/ami05/osu05_stdcells.db'
Loading db file '/package/eda/synopsys/syn/W-2024.09-SP4/libraries/syn/dw_foundation.sldb'
Running PRESTO HDLC
Compiling source file ./src/u337mg096_ece337_ahb_sub_1.0.0/source/ahb_sub.sv
Presto compilation completed successfully.
Running PRESTO HDLC
Compiling source file ./src/u337mg096_ece337_flex_counter_1.0.0/source/flex_counter.sv
Presto compilation completed successfully.
Running PRESTO HDLC
Compiling source file ./src/u337mg096_ece337_multiply_by_2_1.0.0/source/multiply_by_2.sv
Presto compilation completed successfully.
Running PRESTO HDLC
Compiling source file ./src/u337mg096_ece337_signed_multiplier_1.0.0/source/signed_multiplier.sv
Presto compilation completed successfully.
Running PRESTO HDLC
Compiling source file ./src/u337mg096_ece337_sync_1.0.0/source/sync.sv
Presto compilation completed successfully.
Running PRESTO HDLC
Compiling source file ./src/u337mg096_ece337_PE_1.0.0/source/PE.sv
Presto compilation completed successfully.
Running PRESTO HDLC
Compiling source file ./src/u337mg096_ece337_activation_1.0.0/source/activation.sv
Presto compilation completed successfully.
Running PRESTO HDLC
Compiling source file ./src/u337mg096_ece337_bias_adder_1.0.0/source/bias_adder.sv
Presto compilation completed successfully.
Running PRESTO HDLC
Compiling source file ./src/u337mg096_ece337_edge_det_1.0.0/source/edge_det.sv
Presto compilation completed successfully.
Running PRESTO HDLC
Compiling source file ./src/u337mg096_ece337_controller_1.0.0/source/controller.sv
Presto compilation completed successfully.
Running PRESTO HDLC
Compiling source file ./src/u337mg096_ece337_sram_buffer_1.0.0/source/sram_buffer.sv
Presto compilation completed successfully.
Running PRESTO HDLC
Compiling source file ./src/u337mg096_ece337_systolic_array_1.0.0/source/systolic_array.sv
Presto compilation completed successfully.
Running PRESTO HDLC
Compiling source file ./src/u337mg096_ece337_ai_accelerator_1.0.0/source/ai_accelerator.sv
Error:  ./src/u337mg096_ece337_ai_accelerator_1.0.0/source/ai_accelerator.sv:17: Syntax error at or near token 'output'. (VER-294)
Warning:  ./src/u337mg096_ece337_ai_accelerator_1.0.0/source/ai_accelerator.sv:57: Redeclaration of port 'ren'. (VER-331)
Warning:  ./src/u337mg096_ece337_ai_accelerator_1.0.0/source/ai_accelerator.sv:59: Redeclaration of port 'rdata'. (VER-331)
Warning:  ./src/u337mg096_ece337_ai_accelerator_1.0.0/source/ai_accelerator.sv:59: Redeclaration of port 'wdata'. (VER-331)
Warning:  ./src/u337mg096_ece337_ai_accelerator_1.0.0/source/ai_accelerator.sv:60: Redeclaration of port 'addr'. (VER-331)
Warning:  ./src/u337mg096_ece337_ai_accelerator_1.0.0/source/ai_accelerator.sv:61: Redeclaration of port 'sram_state'. (VER-331)
Error:  ./src/u337mg096_ece337_ai_accelerator_1.0.0/source/ai_accelerator.sv:132: Syntax error at or near token 'bias_adder'. (VER-294)
Error:  ./src/u337mg096_ece337_ai_accelerator_1.0.0/source/ai_accelerator.sv:142: Syntax error at or near token 'logic'. (VER-294)
*** Presto compilation terminated with 3 errors. ***
Loading db file '/package/eda/synopsys/syn/W-2024.09-SP4/libraries/syn/gtech.db'
Loading db file '/package/eda/synopsys/syn/W-2024.09-SP4/libraries/syn/standard.sldb'
  Loading link library 'osu05_stdcells'
  Loading link library 'gtech'
Error: Cannot find the design 'ai_accelerator' in the library 'WORK'. (LBR-0)
Error: Current design is not defined. (UID-4)
Error: Current design is not defined. (UID-4)
Error: No files or designs were specified. (UID-22)
Error: Current design is not defined. (UID-4)

Memory usage for this session 117 Mbytes.
Memory usage for this session including child processes 117 Mbytes.
CPU usage for this session 3 seconds ( 0.00 hours ).
Elapsed time for this session 4 seconds ( 0.00 hours ).

Thank you...
