/package/eda/synopsys/syn/W-2024.09-SP4/auxx/gui/dv/dv_setup.tcl
/package/eda/synopsys/syn/W-2024.09-SP4/auxx/gui/syn/snpsSynProcs.tcl
/package/eda/synopsys/syn/W-2024.09-SP4/auxx/gui/syn/layout/pkgIndex.tcl
/package/eda/synopsys/syn/W-2024.09-SP4/auxx/gui/common/3dic/pkgIndex.tcl
/package/eda/synopsys/syn/W-2024.09-SP4/auxx/gui/common/3dlayout/pkgIndex.tcl
/package/eda/synopsys/syn/W-2024.09-SP4/auxx/gui/common/3dmodel/pkgIndex.tcl
/package/eda/synopsys/syn/W-2024.09-SP4/auxx/gui/common/WindowFrameWork/pkgIndex.tcl
/package/eda/synopsys/syn/W-2024.09-SP4/auxx/gui/common/acg/pkgIndex.tcl
/package/eda/synopsys/syn/W-2024.09-SP4/auxx/gui/common/charts/pkgIndex.tcl
/package/eda/synopsys/syn/W-2024.09-SP4/auxx/gui/common/commandform/pkgIndex.tcl
/package/eda/synopsys/syn/W-2024.09-SP4/auxx/gui/common/dialogs/pkgIndex.tcl
/package/eda/synopsys/syn/W-2024.09-SP4/auxx/gui/common/docBrowser/pkgIndex.tcl
/package/eda/synopsys/syn/W-2024.09-SP4/auxx/gui/common/hierAttrView/pkgIndex.tcl
/package/eda/synopsys/syn/W-2024.09-SP4/auxx/gui/common/hierarchy/pkgIndex.tcl
/package/eda/synopsys/syn/W-2024.09-SP4/auxx/gui/common/highlight/pkgIndex.tcl
/package/eda/synopsys/syn/W-2024.09-SP4/auxx/gui/common/histogram/pkgIndex.tcl
/package/eda/synopsys/syn/W-2024.09-SP4/auxx/gui/common/layout/pkgIndex.tcl
/package/eda/synopsys/syn/W-2024.09-SP4/auxx/gui/common/libviewer/pkgIndex.tcl
/package/eda/synopsys/syn/W-2024.09-SP4/auxx/gui/common/menus/pkgIndex.tcl
/package/eda/synopsys/syn/W-2024.09-SP4/auxx/gui/common/misc/pkgIndex.tcl
/package/eda/synopsys/syn/W-2024.09-SP4/auxx/gui/common/mrupalette/pkgIndex.tcl
/package/eda/synopsys/syn/W-2024.09-SP4/auxx/gui/common/opdlg/pkgIndex.tcl
/package/eda/synopsys/syn/W-2024.09-SP4/auxx/gui/common/palettegroup/pkgIndex.tcl
/package/eda/synopsys/syn/W-2024.09-SP4/auxx/gui/common/propertyEditor/pkgIndex.tcl
/package/eda/synopsys/syn/W-2024.09-SP4/auxx/gui/common/qtcl/pkgIndex.tcl
/package/eda/synopsys/syn/W-2024.09-SP4/auxx/gui/common/regressionToolkit/pkgIndex.tcl
/package/eda/synopsys/syn/W-2024.09-SP4/auxx/gui/common/rtlxref/pkgIndex.tcl
/package/eda/synopsys/syn/W-2024.09-SP4/auxx/gui/common/schematic/pkgIndex.tcl
/package/eda/synopsys/syn/W-2024.09-SP4/auxx/gui/common/select/pkgIndex.tcl
/package/eda/synopsys/syn/W-2024.09-SP4/auxx/gui/common/setup/pkgIndex.tcl
/package/eda/synopsys/syn/W-2024.09-SP4/auxx/gui/common/strokes/pkgIndex.tcl
/package/eda/synopsys/syn/W-2024.09-SP4/auxx/gui/common/table/pkgIndex.tcl
/package/eda/synopsys/syn/W-2024.09-SP4/auxx/gui/common/taskassistant/pkgIndex.tcl
/package/eda/synopsys/syn/W-2024.09-SP4/auxx/gui/common/tcl-dp/pkgIndex.tcl
/package/eda/synopsys/syn/W-2024.09-SP4/auxx/gui/common/tiledview/pkgIndex.tcl
/package/eda/synopsys/syn/W-2024.09-SP4/auxx/gui/common/timing/pkgIndex.tcl
/package/eda/synopsys/syn/W-2024.09-SP4/auxx/gui/common/tq/pkgIndex.tcl
/package/eda/synopsys/syn/W-2024.09-SP4/auxx/gui/common/utable/pkgIndex.tcl
/package/eda/synopsys/syn/W-2024.09-SP4/auxx/gui/common/view/pkgIndex.tcl
/package/eda/synopsys/syn/W-2024.09-SP4/auxx/gui/dv/pkgIndex.tcl
/package/eda/synopsys/syn/W-2024.09-SP4/auxx/syn/lib/pkgIndex.tcl
/package/eda/synopsys/syn/W-2024.09-SP4/auxx/tcllib/lib/itcl4.2.1/pkgIndex.tcl
/package/eda/synopsys/syn/W-2024.09-SP4/auxx/tcllib/lib/iwidgets4.1/pkgIndex.tcl
/package/eda/synopsys/syn/W-2024.09-SP4/auxx/tcllib/snps_tcl/snpsTclPro/pkgIndex.tcl
/package/eda/synopsys/syn/W-2024.09-SP4/auxx/tcllib/snps_tcl/snpsTest/pkgIndex.tcl
/package/eda/synopsys/syn/W-2024.09-SP4/auxx/tcllib/snps_tcl/snpsUtils/pkgIndex.tcl
/package/eda/synopsys/syn/W-2024.09-SP4/auxx/tcllib/snps_tcl/pkgIndex.tcl
/package/eda/synopsys/syn/W-2024.09-SP4/auxx/tcllib/lib/tcl8.6/dde/pkgIndex.tcl
/package/eda/synopsys/syn/W-2024.09-SP4/auxx/tcllib/lib/tcl8.6/http/pkgIndex.tcl
/package/eda/synopsys/syn/W-2024.09-SP4/auxx/tcllib/lib/tcl8.6/http1.0/pkgIndex.tcl
/package/eda/synopsys/syn/W-2024.09-SP4/auxx/tcllib/lib/tcl8.6/msgcat/pkgIndex.tcl
/package/eda/synopsys/syn/W-2024.09-SP4/auxx/tcllib/lib/tcl8.6/opt/pkgIndex.tcl
/package/eda/synopsys/syn/W-2024.09-SP4/auxx/tcllib/lib/tcl8.6/platform/pkgIndex.tcl
/package/eda/synopsys/syn/W-2024.09-SP4/auxx/tcllib/lib/tcl8.6/reg/pkgIndex.tcl
/package/eda/synopsys/syn/W-2024.09-SP4/auxx/tcllib/lib/tcl8.6/tcltest/pkgIndex.tcl
/package/eda/synopsys/syn/W-2024.09-SP4/auxx/gui/common/setup/snpsCommonSetup.tcl
/package/eda/synopsys/syn/W-2024.09-SP4/auxx/gui/common/setup/snpsCustomize.tcl
/package/eda/synopsys/syn/W-2024.09-SP4/auxx/gui/common/setup/snpsProcheck.tcl
/package/eda/synopsys/syn/W-2024.09-SP4/auxx/gui/common/misc/base.tcl
/package/eda/synopsys/syn/W-2024.09-SP4/auxx/gui/common/misc/timing.tcl
/package/eda/synopsys/syn/W-2024.09-SP4/auxx/gui/common/misc/setting.tcl
/package/eda/synopsys/syn/W-2024.09-SP4/auxx/gui/common/misc/preset.tcl
/package/eda/synopsys/syn/W-2024.09-SP4/auxx/gui/common/WindowFrameWork/windowFrameWork.tcl
/package/eda/synopsys/syn/W-2024.09-SP4/auxx/gui/common/WindowFrameWork/skipBusyCursorCmdList.tcl
/package/eda/synopsys/syn/W-2024.09-SP4/auxx/gui/common/qtcl/.synopsys_qtcl.tcl
/package/eda/synopsys/syn/W-2024.09-SP4/auxx/gui/common/highlight/highlight.tcl
/package/eda/synopsys/syn/W-2024.09-SP4/auxx/gui/common/palettegroup/palettegroup.tcl
/package/eda/synopsys/syn/W-2024.09-SP4/auxx/gui/common/commandform/commandform.tcl
/package/eda/synopsys/syn/W-2024.09-SP4/auxx/gui/common/tiledview/tiledview.tcl
/package/eda/synopsys/syn/W-2024.09-SP4/auxx/gui/common/docBrowser/docBrowser.tcl
/package/eda/synopsys/syn/W-2024.09-SP4/auxx/tcllib/snps_tcl/snpsUtils/snpsUtils.tcl
/package/eda/synopsys/syn/W-2024.09-SP4/auxx/gui/common/dialogs/ObjectChooser.tcl
/package/eda/synopsys/syn/W-2024.09-SP4/auxx/gui/common/misc/DialogObjectChooser.tcl
/package/eda/synopsys/syn/W-2024.09-SP4/auxx/gui/common/dialogs/HistBinInformation.tcl
/package/eda/synopsys/syn/W-2024.09-SP4/auxx/gui/common/dialogs/HistBin1Information.tcl
/package/eda/synopsys/syn/W-2024.09-SP4/auxx/gui/common/dialogs/BinsOnlyInformation.tcl
/package/eda/synopsys/syn/W-2024.09-SP4/auxx/gui/common/dialogs/FileChooser.tcl
/package/eda/synopsys/syn/W-2024.09-SP4/auxx/gui/common/dialogs/PathPinSimpleInfo.tcl
/package/eda/synopsys/syn/W-2024.09-SP4/auxx/gui/common/dialogs/PathsBasicInfo.tcl
/package/eda/synopsys/syn/W-2024.09-SP4/auxx/gui/common/dialogs/PathsBasicSimpleInfo.tcl
/package/eda/synopsys/syn/W-2024.09-SP4/auxx/gui/common/dialogs/SlctOperationInfo.tcl
/package/eda/synopsys/syn/W-2024.09-SP4/auxx/gui/common/dialogs/ObjectListInfo.tcl
/package/eda/synopsys/syn/W-2024.09-SP4/auxx/gui/common/dialogs/FanInOutInfo.tcl
/package/eda/synopsys/syn/W-2024.09-SP4/auxx/gui/common/dialogs/NumberOfLevelsChooser.tcl
/package/eda/synopsys/syn/W-2024.09-SP4/auxx/gui/common/dialogs/WindowReuseInfo.tcl
/package/eda/synopsys/syn/W-2024.09-SP4/auxx/gui/common/dialogs/ReportOutputOptionInfo.tcl
/package/eda/synopsys/syn/W-2024.09-SP4/auxx/gui/common/setup/snpsCollections.tcl
/package/eda/synopsys/syn/W-2024.09-SP4/auxx/gui/common/dialogs/CompileLinkDesign.tcl
/package/eda/synopsys/syn/W-2024.09-SP4/auxx/gui/common/histogram/base.tcl
/package/eda/synopsys/syn/W-2024.09-SP4/auxx/gui/common/histogram/DialogNetCapacitance.tcl
/package/eda/synopsys/syn/W-2024.09-SP4/auxx/gui/common/schematic/DialogPathSchematicFanInOut.tcl
/package/eda/synopsys/syn/W-2024.09-SP4/auxx/gui/common/schematic/DialogPathSchematicAddPaths.tcl
/home/ecegridfs/a/337mg154/temp/cdl-team14/tmp/build/u337mg096_ece337_systolic_array_1.0.0/syn-design_compiler/u337mg096_ece337_systolic_array_1.0.0.tcl
/home/ecegridfs/a/337mg154/temp/cdl-team14/tmp/build/u337mg096_ece337_systolic_array_1.0.0/syn-design_compiler/src/u337mg096_ece337_synfiles_0/synth.tcl
/home/ecegridfs/a/337mg154/temp/cdl-team14/tmp/build/u337mg096_ece337_systolic_array_1.0.0/syn-design_compiler/u337mg096_ece337_systolic_array_1.0.0-read-sources.tcl
/home/ecegridfs/a/337mg154/temp/cdl-team14/tmp/build/u337mg096_ece337_systolic_array_1.0.0/syn-design_compiler/src/u337mg096_ece337_signed_multiplier_1.0.0/source/signed_multiplier.sv
/home/ecegrid/a/ece337/summer24-refactor/tech/ami05/osu05_stdcells.db
/package/eda/synopsys/syn/W-2024.09-SP4/libraries/syn/dw_foundation.sldb
/home/ecegridfs/a/337mg154/temp/cdl-team14/tmp/build/u337mg096_ece337_systolic_array_1.0.0/syn-design_compiler/src/u337mg096_ece337_PE_1.0.0/source/PE.sv
/home/ecegridfs/a/337mg154/temp/cdl-team14/tmp/build/u337mg096_ece337_systolic_array_1.0.0/syn-design_compiler/src/u337mg096_ece337_systolic_array_1.0.0/source/systolic_array.sv
/package/eda/synopsys/syn/W-2024.09-SP4/libraries/syn/gtech.db
/package/eda/synopsys/syn/W-2024.09-SP4/libraries/syn/standard.sldb
